----------------------------------------------------------------------------------
      name:  <unnamed>
       log:  /Users/kienvu/Desktop/Vu-398-Project/Command-Files/../Analysis-Data/a
> nalysis.log
  log type:  text
 opened on:  11 Aug 2021, 01:45:34

. use "../Analysis-Data/analysis-file.dta"

. 
. codebook, compact //Generate Table 1

Variable     Obs Unique      Mean       Min       Max  Label
----------------------------------------------------------------------------------
distname     360     91         .         .         .  District Name
distcode     360     90   4564222     10000   9150000  District Code
year         360      4    2014.5      2013      2016  Year of interest
retperc_p    360     29  81.52528         0       100  Principal % Retained
retperc_t    360    133   89.3875      76.4      97.9  Teacher % Retained
classsize    360    105  17.35361       9.6      22.8  Average Class Size
stfemale     360    124   48.4225      31.4      71.5  Female %
ellperc      360     80  2.001944         0      14.1  English Language Learner %
disabperc    360    165     17.31       6.7      49.9  Students with Disabiliti...
poorperc     360    258  22.88361       1.8      83.7  Economically Disadvantag...
cpi          360    197  85.13278      66.3      98.6  CPI for MCAS Math
sgpmed       360     59  51.24306      23.5        78  Median SGP for MCAS Math
licensed     360     38  99.31556      60.4       100  % of Teachers Licensed i...
corequality  360     52  98.92389        55       100  % of Core Academic Class...
teachwage    360    360  73479.29     56983     94698  Average Salary
in_exppp     360    360  15196.77   9351.93   46463.7  In-District Expenditures...
tot_exppp    360    360   15509.7  10063.56  33811.21  Total Expenditures per P...
discp        360    360  4.455818  .0831255  21.27072  % of students discipline...
sdiscp       360    356  1.646699         0  8.056872  % of students discipline...
lwage        360    360  11.19982  10.95051  11.45845  Log of Average Teacher S...
lin_exppp    360    360  9.586814  9.143338  10.74643  Log of In-District Expen...
ltot_exppp   360    360  9.617603  9.216677  10.42855  Log of Total Expenditure...
poor         360      2  .5027778         0         1  Dummy indicate whether p...
----------------------------------------------------------------------------------

. 
. xtset distcode year //Declare the dataset as panel data
       panel variable:  distcode (strongly balanced)
        time variable:  year, 2013 to 2016
                delta:  1 unit

. 
. ssc install outreg2
checking outreg2 consistency and verifying not already installed...
all files already exist and are up to date.

. 
. xtreg sgpmed retperc_t i.year, fe vce(cluster distcode) //Regression without con
> trols

Fixed-effects (within) regression               Number of obs     =        360
Group variable: distcode                        Number of groups  =         90

R-sq:                                           Obs per group:
     within  = 0.0656                                         min =          4
     between = 0.0042                                         avg =        4.0
     overall = 0.0132                                         max =          4

                                                F(4,89)           =       4.98
corr(u_i, Xb)  = -0.0612                        Prob > F          =     0.0011

                              (Std. Err. adjusted for 90 clusters in distcode)
------------------------------------------------------------------------------
             |               Robust
      sgpmed |      Coef.   Std. Err.      t    P>|t|     [95% Conf. Interval]
-------------+----------------------------------------------------------------
   retperc_t |  -.1724755   .0916842    -1.88   0.063      -.35465    .0096989
             |
        year |
       2014  |  -.7858306     .57607    -1.36   0.176    -1.930469    .3588082
       2015  |  -1.913468   .7528683    -2.54   0.013    -3.409402   -.4175351
       2016  |      .8214   .7261412     1.13   0.261    -.6214271    2.264227
             |
       _cons |   67.12969    8.21834     8.17   0.000     50.80002    83.45935
-------------+----------------------------------------------------------------
     sigma_u |  5.9731374
     sigma_e |  4.7961782
         rho |  .60799828   (fraction of variance due to u_i)
------------------------------------------------------------------------------

. outreg2 using "../Analysis-Data/sgpregs.xls", replace keep(retperc_t) //Print Ta
> ble 2 to Excel - Column 1
../Analysis-Data/sgpregs.xls
dir : seeout

. 
. xtreg sgpmed retperc_t corequality cpi poorperc stfemale i.year, fe vce(cluster 
> distcode) //Regression with composition controls 

Fixed-effects (within) regression               Number of obs     =        360
Group variable: distcode                        Number of groups  =         90

R-sq:                                           Obs per group:
     within  = 0.3466                                         min =          4
     between = 0.1954                                         avg =        4.0
     overall = 0.1786                                         max =          4

                                                F(8,89)           =      13.37
corr(u_i, Xb)  = -0.8450                        Prob > F          =     0.0000

                              (Std. Err. adjusted for 90 clusters in distcode)
------------------------------------------------------------------------------
             |               Robust
      sgpmed |      Coef.   Std. Err.      t    P>|t|     [95% Conf. Interval]
-------------+----------------------------------------------------------------
   retperc_t |  -.1809328   .0860161    -2.10   0.038    -.3518449   -.0100207
 corequality |  -.0608157   .0554768    -1.10   0.276    -.1710469    .0494156
         cpi |   1.794518   .2589305     6.93   0.000     1.280028    2.309007
    poorperc |   .0840139   .0536256     1.57   0.121     -.022539    .1905669
    stfemale |  -.3264755   .2130575    -1.53   0.129    -.7498162    .0968651
             |
        year |
       2014  |   .2608356   .5474835     0.48   0.635    -.8270024    1.348674
       2015  |  -.9170731   .7166178    -1.28   0.204    -2.340977    .5068312
       2016  |   1.169641   .7761892     1.51   0.135    -.3726308    2.711912
             |
       _cons |  -65.58209   23.83726    -2.75   0.007    -112.9462   -18.21795
-------------+----------------------------------------------------------------
     sigma_u |  10.559035
     sigma_e |  4.0411829
         rho |  .87223752   (fraction of variance due to u_i)
------------------------------------------------------------------------------

. outreg2 using "../Analysis-Data/sgpregs.xls", append keep(retperc_t corequality 
> cpi poorperc stfemale) //Print Table 2 to Excel - Column 2
../Analysis-Data/sgpregs.xls
dir : seeout

. xtreg sgpmed retperc_t retperc_p sdiscp corequality cpi poorperc stfemale i.year
> , fe vce(cluster distcode)  //Regression with all composition and environment co
> ntrols

Fixed-effects (within) regression               Number of obs     =        360
Group variable: distcode                        Number of groups  =         90

R-sq:                                           Obs per group:
     within  = 0.3473                                         min =          4
     between = 0.1968                                         avg =        4.0
     overall = 0.1798                                         max =          4

                                                F(10,89)          =      13.37
corr(u_i, Xb)  = -0.8445                        Prob > F          =     0.0000

                              (Std. Err. adjusted for 90 clusters in distcode)
------------------------------------------------------------------------------
             |               Robust
      sgpmed |      Coef.   Std. Err.      t    P>|t|     [95% Conf. Interval]
-------------+----------------------------------------------------------------
   retperc_t |  -.1828154   .0871134    -2.10   0.039    -.3559079   -.0097229
   retperc_p |   .0042884   .0092255     0.46   0.643    -.0140425    .0226193
      sdiscp |  -.0881607   .4036368    -0.22   0.828    -.8901784     .713857
 corequality |   -.057763   .0562977    -1.03   0.308    -.1696255    .0540994
         cpi |   1.793025   .2625831     6.83   0.000     1.271278    2.314772
    poorperc |   .0850413   .0545113     1.56   0.122    -.0232714     .193354
    stfemale |  -.3221085   .2153431    -1.50   0.138    -.7499906    .1057737
             |
        year |
       2014  |   .2412897   .5324274     0.45   0.652    -.8166323    1.299212
       2015  |  -.9448453   .7531716    -1.25   0.213    -2.441381    .5516905
       2016  |   1.121625    .803104     1.40   0.166    -.4741258    2.717375
             |
       _cons |  -66.00432   24.99102    -2.64   0.010     -115.661   -16.34769
-------------+----------------------------------------------------------------
     sigma_u |  10.533941
     sigma_e |  4.0544234
         rho |  .87097286   (fraction of variance due to u_i)
------------------------------------------------------------------------------

. outreg2 using "../Analysis-Data/sgpregs.xls", append keep(retperc_t corequality 
> cpi poorperc stfemale retperc_p sdiscp ) //Print Table 2 to Excel - Column 3
../Analysis-Data/sgpregs.xls
dir : seeout

. 
. xtreg sgpmed c.retperc_t##c.poor corequality cpi poorperc stfemale i.year, fe vc
> e(cluster distcode) //Regression with composition controls, and interaction term
>  with the poor dummy 

Fixed-effects (within) regression               Number of obs     =        360
Group variable: distcode                        Number of groups  =         90

R-sq:                                           Obs per group:
     within  = 0.3618                                         min =          4
     between = 0.1733                                         avg =        4.0
     overall = 0.1662                                         max =          4

                                                F(10,89)          =      11.89
corr(u_i, Xb)  = -0.8299                        Prob > F          =     0.0000

                              (Std. Err. adjusted for 90 clusters in distcode)
------------------------------------------------------------------------------
             |               Robust
      sgpmed |      Coef.   Std. Err.      t    P>|t|     [95% Conf. Interval]
-------------+----------------------------------------------------------------
   retperc_t |    -.17562   .1034518    -1.70   0.093    -.3811765    .0299365
        poor |   2.696096    16.2697     0.17   0.869    -29.63146    35.02365
             |
 c.retperc_t#|
      c.poor |   .0022955   .1835635     0.01   0.990    -.3624411    .3670322
             |
 corequality |  -.0871045   .0684036    -1.27   0.206    -.2230211    .0488121
         cpi |   1.782314   .2397151     7.44   0.000     1.306005    2.258622
    poorperc |   .0842467   .0546272     1.54   0.127    -.0242964    .1927899
    stfemale |  -.3302012   .2173948    -1.52   0.132      -.76216    .1017576
             |
        year |
       2014  |    .112719   .5290063     0.21   0.832    -.9384052    1.163843
       2015  |  -.6053074   .7092091    -0.85   0.396    -2.014491     .803876
       2016  |   1.327823   .7802598     1.70   0.092    -.2225367    2.878182
             |
       _cons |  -63.78084    21.1471    -3.02   0.003    -105.7997     -21.762
-------------+----------------------------------------------------------------
     sigma_u |  10.267556
     sigma_e |  4.0092692
         rho |   .8676984   (fraction of variance due to u_i)
------------------------------------------------------------------------------

. outreg2 using "../Analysis-Data/sgpregs.xls", append keep(c.retperc_t##c.poor co
> requality cpi poorperc stfemale) //Print Table 2 to Excel - Column 4
../Analysis-Data/sgpregs.xls
dir : seeout

. 
. xtreg sgpmed c.retperc_t##c.poor retperc_p sdiscp corequality cpi poorperc stfem
> ale i.year, fe vce(cluster distcode) //Regression with all composition, environm
> ent controls and interaction term with the poor dummy 

Fixed-effects (within) regression               Number of obs     =        360
Group variable: distcode                        Number of groups  =         90

R-sq:                                           Obs per group:
     within  = 0.3624                                         min =          4
     between = 0.1745                                         avg =        4.0
     overall = 0.1673                                         max =          4

                                                F(12,89)          =      11.28
corr(u_i, Xb)  = -0.8288                        Prob > F          =     0.0000

                              (Std. Err. adjusted for 90 clusters in distcode)
------------------------------------------------------------------------------
             |               Robust
      sgpmed |      Coef.   Std. Err.      t    P>|t|     [95% Conf. Interval]
-------------+----------------------------------------------------------------
   retperc_t |  -.1692728   .1035651    -1.63   0.106    -.3750545    .0365089
        poor |   3.890567   16.12504     0.24   0.810    -28.14955    35.93068
             |
 c.retperc_t#|
      c.poor |   -.011222    .180744    -0.06   0.951    -.3703565    .3479126
             |
   retperc_p |   .0041933   .0088366     0.47   0.636    -.0133649    .0217515
      sdiscp |  -.0528407   .3655122    -0.14   0.885    -.7791056    .6734241
 corequality |   -.084585   .0686026    -1.23   0.221     -.220897     .051727
         cpi |   1.779537   .2426281     7.33   0.000      1.29744    2.261633
    poorperc |   .0851392   .0553382     1.54   0.127    -.0248167     .195095
    stfemale |  -.3261586   .2195621    -1.49   0.141    -.7624239    .1101066
             |
        year |
       2014  |   .1004926   .5230157     0.19   0.848    -.9387284    1.139714
       2015  |  -.6220561    .738649    -0.84   0.402    -2.089736    .8456237
       2016  |      1.296   .8018072     1.62   0.110    -.2971738    2.889174
             |
       _cons |  -64.81389   22.44941    -2.89   0.005    -109.4204   -20.20739
-------------+----------------------------------------------------------------
     sigma_u |  10.230082
     sigma_e |  4.0228477
         rho |  .86607425   (fraction of variance due to u_i)
------------------------------------------------------------------------------

. outreg2 using "../Analysis-Data/sgpregs.xls", append keep(c.retperc_t##c.poor co
> requality cpi poorperc stfemale retperc_p sdiscp ) //Print Table 2 to Excel - Co
> lumn 5
../Analysis-Data/sgpregs.xls
dir : seeout

. 
. xtreg retperc_t cpi retperc_p sdiscp corequality poorperc stfemale, fe vce(clust
> er distcode) //Test for cpi correlation with teacher retention

Fixed-effects (within) regression               Number of obs     =        360
Group variable: distcode                        Number of groups  =         90

R-sq:                                           Obs per group:
     within  = 0.0630                                         min =          4
     between = 0.0033                                         avg =        4.0
     overall = 0.0010                                         max =          4

                                                F(6,89)           =       5.59
corr(u_i, Xb)  = -0.4275                        Prob > F          =     0.0001

                              (Std. Err. adjusted for 90 clusters in distcode)
------------------------------------------------------------------------------
             |               Robust
   retperc_t |      Coef.   Std. Err.      t    P>|t|     [95% Conf. Interval]
-------------+----------------------------------------------------------------
         cpi |   .0115951   .1324459     0.09   0.930    -.2515721    .2747624
   retperc_p |   .0014955   .0079864     0.19   0.852    -.0143733    .0173643
      sdiscp |  -.1970662   .3054036    -0.65   0.520    -.8038967    .4097642
 corequality |   .1744275   .0484922     3.60   0.001     .0780746    .2707804
    poorperc |   .0729002   .0322471     2.26   0.026     .0088259    .1369745
    stfemale |   .2007635   .1699303     1.18   0.241    -.1368843    .5384113
       _cons |   59.95822   14.41394     4.16   0.000     31.31804    88.59841
-------------+----------------------------------------------------------------
     sigma_u |  3.2739919
     sigma_e |  2.8939737
         rho |   .5613786   (fraction of variance due to u_i)
------------------------------------------------------------------------------

. 
. 
. log close
      name:  <unnamed>
       log:  /Users/kienvu/Desktop/Vu-398-Project/Command-Files/../Analysis-Data/a
> nalysis.log
  log type:  text
 closed on:  11 Aug 2021, 01:45:36
----------------------------------------------------------------------------------
